SF:lib/models/weather.dart
DA:11,2
DA:22,2
DA:23,2
DA:24,2
DA:25,4
DA:26,2
DA:27,2
DA:28,2
DA:29,2
DA:30,2
DA:31,2
DA:32,2
DA:36,2
DA:37,4
DA:38,2
DA:41,2
DA:44,2
DA:47,2
DA:50,0
DA:53,0
DA:57,0
DA:61,0
DA:67,2
DA:68,4
DA:72,2
DA:76,0
DA:80,0
DA:83,0
DA:86,0
DA:90,0
LF:30
LH:21
end_of_record
SF:lib/main.dart
DA:4,0
DA:5,0
DA:9,3
DA:11,1
DA:13,1
DA:15,1
LF:6
LH:4
end_of_record
SF:lib/screens/home_screen.dart
DA:9,2
DA:12,1
DA:13,1
DA:20,0
DA:21,0
DA:22,0
DA:24,0
DA:28,0
DA:29,0
DA:30,0
DA:34,1
DA:36,1
DA:37,2
DA:40,1
DA:42,1
DA:43,1
DA:44,3
DA:46,1
DA:47,1
DA:48,1
DA:49,1
DA:50,1
DA:51,0
DA:56,1
DA:67,1
DA:68,1
DA:69,1
LF:27
LH:19
end_of_record
SF:lib/icons/my_flutter_app_icons.dart
DA:23,0
LF:1
LH:0
end_of_record
SF:lib/screens/current_screen.dart
DA:8,1
DA:10,1
DA:11,1
DA:17,1
DA:19,1
DA:20,2
DA:21,3
DA:22,3
DA:25,1
DA:27,1
DA:28,1
DA:29,1
DA:30,1
DA:31,1
DA:32,2
DA:33,1
DA:34,1
DA:35,3
DA:37,2
DA:39,1
DA:41,1
DA:43,1
DA:44,3
DA:50,1
DA:52,1
DA:54,1
DA:55,3
DA:61,1
DA:63,1
DA:65,1
DA:66,3
DA:72,4
DA:73,5
DA:74,5
DA:78,1
LF:35
LH:35
end_of_record
SF:lib/services/open_meteo.dart
DA:6,1
DA:8,1
DA:9,1
DA:10,1
DA:12,2
DA:13,4
DA:15,0
DA:19,0
DA:21,0
DA:22,0
DA:23,0
DA:24,0
DA:26,0
DA:27,0
DA:28,0
DA:29,0
DA:30,0
DA:31,0
DA:32,0
DA:33,0
DA:34,0
DA:35,0
DA:36,0
DA:37,0
DA:41,0
LF:25
LH:6
end_of_record
SF:lib/screens/forecast_screen.dart
DA:8,0
DA:10,0
DA:11,0
DA:18,0
DA:20,0
DA:21,0
DA:22,0
DA:23,0
DA:26,0
DA:28,0
DA:29,0
DA:30,0
DA:31,0
DA:32,0
DA:33,0
DA:35,0
DA:36,0
DA:38,0
DA:39,0
DA:40,0
DA:42,0
DA:43,0
DA:44,0
DA:47,0
DA:53,0
DA:55,0
DA:57,0
DA:59,0
DA:60,0
DA:66,0
DA:67,0
DA:74,0
DA:76,0
DA:78,0
DA:79,0
DA:86,0
DA:88,0
DA:90,0
DA:91,0
DA:98,0
DA:102,0
DA:103,0
LF:42
LH:0
end_of_record
SF:lib/services/get_position.dart
DA:3,1
DA:7,1
DA:9,0
DA:12,0
DA:13,0
DA:14,0
DA:15,0
DA:16,0
DA:20,0
DA:21,0
DA:25,0
LF:11
LH:2
end_of_record
